# JRE version: Java(TM) SE Runtime Environment (8.0_291-b10) (build 1.8.0_291-b10)
# Java VM: Java HotSpot(TM) 64-Bit Server VM (25.291-b10 mixed mode windows-amd64 compressed oops)
Heap:
 PSYoungGen      total 133120K, used 121825K [0x00000000f5580000, 0x0000000100000000, 0x0000000100000000)
  eden space 101888K, 90% used [0x00000000f5580000,0x00000000faf56300,0x00000000fb900000)
  from space 31232K, 95% used [0x00000000fe180000,0x00000000ffea2218,0x0000000100000000)
  to   space 36352K, 0% used [0x00000000fb900000,0x00000000fb900000,0x00000000fdc80000)
 ParOldGen       total 230912K, used 47122K [0x00000000e0000000, 0x00000000ee180000, 0x00000000f5580000)
  object space 230912K, 20% used [0x00000000e0000000,0x00000000e2e04af0,0x00000000ee180000)
 Metaspace       used 81719K, capacity 86686K, committed 86784K, reserved 1124352K
  class space    used 11043K, capacity 11969K, committed 12032K, reserved 1048576K
GC Heap History (10 events):
Event: 3712.460 GC heap before
{Heap before GC invocations=17 (full 3):
 PSYoungGen      total 153088K, used 153066K [0x00000000f5580000, 0x0000000100000000, 0x0000000100000000)
  eden space 131584K, 99% used [0x00000000f5580000,0x00000000fd5ff9e8,0x00000000fd600000)
  from space 21504K, 99% used [0x00000000fd600000,0x00000000feafaeb8,0x00000000feb00000)
  to   space 21504K, 0% used [0x00000000feb00000,0x00000000feb00000,0x0000000100000000)
 ParOldGen       total 230912K, used 38829K [0x00000000e0000000, 0x00000000ee180000, 0x00000000f5580000)
  object space 230912K, 16% used [0x00000000e0000000,0x00000000e25eb700,0x00000000ee180000)
 Metaspace       used 74494K, capacity 78264K, committed 78464K, reserved 1116160K
  class space    used 10145K, capacity 10872K, committed 10880K, reserved 1048576K
Event: 3712.699 GC heap after
Heap after GC invocations=17 (full 3):
 PSYoungGen      total 141824K, used 20978K [0x00000000f5580000, 0x0000000100000000, 0x0000000100000000)
  eden space 120320K, 0% used [0x00000000f5580000,0x00000000f5580000,0x00000000fcb00000)
  from space 21504K, 97% used [0x00000000feb00000,0x00000000fff7c808,0x0000000100000000)
  to   space 27136K, 0% used [0x00000000fcb00000,0x00000000fcb00000,0x00000000fe580000)
 ParOldGen       total 230912K, used 47090K [0x00000000e0000000, 0x00000000ee180000, 0x00000000f5580000)
  object space 230912K, 20% used [0x00000000e0000000,0x00000000e2dfcaf0,0x00000000ee180000)
 Metaspace       used 74494K, capacity 78264K, committed 78464K, reserved 1116160K
  class space    used 10145K, capacity 10872K, committed 10880K, reserved 1048576K
}
Event: 3717.393 GC heap before
{Heap before GC invocations=18 (full 3):
 PSYoungGen      total 141824K, used 141298K [0x00000000f5580000, 0x0000000100000000, 0x0000000100000000)
  eden space 120320K, 100% used [0x00000000f5580000,0x00000000fcb00000,0x00000000fcb00000)
  from space 21504K, 97% used [0x00000000feb00000,0x00000000fff7c808,0x0000000100000000)
  to   space 27136K, 0% used [0x00000000fcb00000,0x00000000fcb00000,0x00000000fe580000)
 ParOldGen       total 230912K, used 47090K [0x00000000e0000000, 0x00000000ee180000, 0x00000000f5580000)
  object space 230912K, 20% used [0x00000000e0000000,0x00000000e2dfcaf0,0x00000000ee180000)
 Metaspace       used 76266K, capacity 80310K, committed 80384K, reserved 1118208K
  class space    used 10399K, capacity 11205K, committed 11264K, reserved 1048576K
Event: 3717.422 GC heap after
Heap after GC invocations=18 (full 3):
 PSYoungGen      total 142848K, used 24503K [0x00000000f5580000, 0x0000000100000000, 0x0000000100000000)
  eden space 118272K, 0% used [0x00000000f5580000,0x00000000f5580000,0x00000000fc900000)
  from space 24576K, 99% used [0x00000000fcb00000,0x00000000fe2edd50,0x00000000fe300000)
  to   space 29696K, 0% used [0x00000000fe300000,0x00000000fe300000,0x0000000100000000)
 ParOldGen       total 230912K, used 47098K [0x00000000e0000000, 0x00000000ee180000, 0x00000000f5580000)
  object space 230912K, 20% used [0x00000000e0000000,0x00000000e2dfeaf0,0x00000000ee180000)
 Metaspace       used 76266K, capacity 80310K, committed 80384K, reserved 1118208K
  class space    used 10399K, capacity 11205K, committed 11264K, reserved 1048576K
}
Event: 3944.117 GC heap before
{Heap before GC invocations=19 (full 3):
 PSYoungGen      total 142848K, used 142775K [0x00000000f5580000, 0x0000000100000000, 0x0000000100000000)
  eden space 118272K, 100% used [0x00000000f5580000,0x00000000fc900000,0x00000000fc900000)
  from space 24576K, 99% used [0x00000000fcb00000,0x00000000fe2edd50,0x00000000fe300000)
  to   space 29696K, 0% used [0x00000000fe300000,0x00000000fe300000,0x0000000100000000)
 ParOldGen       total 230912K, used 47098K [0x00000000e0000000, 0x00000000ee180000, 0x00000000f5580000)
  object space 230912K, 20% used [0x00000000e0000000,0x00000000e2dfeaf0,0x00000000ee180000)
 Metaspace       used 77678K, capacity 82254K, committed 82432K, reserved 1120256K
  class space    used 10587K, capacity 11443K, committed 11520K, reserved 1048576K
Event: 3944.145 GC heap after
Heap after GC invocations=19 (full 3):
 PSYoungGen      total 144896K, used 18978K [0x00000000f5580000, 0x0000000100000000, 0x0000000100000000)
  eden space 115200K, 0% used [0x00000000f5580000,0x00000000f5580000,0x00000000fc600000)
  from space 29696K, 63% used [0x00000000fe300000,0x00000000ff588868,0x0000000100000000)
  to   space 29696K, 0% used [0x00000000fc600000,0x00000000fc600000,0x00000000fe300000)
 ParOldGen       total 230912K, used 47106K [0x00000000e0000000, 0x00000000ee180000, 0x00000000f5580000)
  object space 230912K, 20% used [0x00000000e0000000,0x00000000e2e00af0,0x00000000ee180000)
 Metaspace       used 77678K, capacity 82254K, committed 82432K, reserved 1120256K
  class space    used 10587K, capacity 11443K, committed 11520K, reserved 1048576K
}
Event: 3946.552 GC heap before
{Heap before GC invocations=20 (full 3):
 PSYoungGen      total 144896K, used 134178K [0x00000000f5580000, 0x0000000100000000, 0x0000000100000000)
  eden space 115200K, 100% used [0x00000000f5580000,0x00000000fc600000,0x00000000fc600000)
  from space 29696K, 63% used [0x00000000fe300000,0x00000000ff588868,0x0000000100000000)
  to   space 29696K, 0% used [0x00000000fc600000,0x00000000fc600000,0x00000000fe300000)
 ParOldGen       total 230912K, used 47106K [0x00000000e0000000, 0x00000000ee180000, 0x00000000f5580000)
  object space 230912K, 20% used [0x00000000e0000000,0x00000000e2e00af0,0x00000000ee180000)
 Metaspace       used 79417K, capacity 84122K, committed 84352K, reserved 1122304K
  class space    used 10746K, capacity 11611K, committed 11648K, reserved 1048576K
Event: 3946.573 GC heap after
Heap after GC invocations=20 (full 3):
 PSYoungGen      total 141312K, used 28049K [0x00000000f5580000, 0x0000000100000000, 0x0000000100000000)
  eden space 113152K, 0% used [0x00000000f5580000,0x00000000f5580000,0x00000000fc400000)
  from space 28160K, 99% used [0x00000000fc600000,0x00000000fe164550,0x00000000fe180000)
  to   space 31232K, 0% used [0x00000000fe180000,0x00000000fe180000,0x0000000100000000)
 ParOldGen       total 230912K, used 47114K [0x00000000e0000000, 0x00000000ee180000, 0x00000000f5580000)
  object space 230912K, 20% used [0x00000000e0000000,0x00000000e2e02af0,0x00000000ee180000)
 Metaspace       used 79417K, capacity 84122K, committed 84352K, reserved 1122304K
  class space    used 10746K, capacity 11611K, committed 11648K, reserved 1048576K
}
Event: 3949.476 GC heap before
{Heap before GC invocations=21 (full 3):
 PSYoungGen      total 141312K, used 141201K [0x00000000f5580000, 0x0000000100000000, 0x0000000100000000)
  eden space 113152K, 100% used [0x00000000f5580000,0x00000000fc400000,0x00000000fc400000)
  from space 28160K, 99% used [0x00000000fc600000,0x00000000fe164550,0x00000000fe180000)
  to   space 31232K, 0% used [0x00000000fe180000,0x00000000fe180000,0x0000000100000000)
 ParOldGen       total 230912K, used 47114K [0x00000000e0000000, 0x00000000ee180000, 0x00000000f5580000)
  object space 230912K, 20% used [0x00000000e0000000,0x00000000e2e02af0,0x00000000ee180000)
 Metaspace       used 81248K, capacity 86010K, committed 86144K, reserved 1124352K
  class space    used 10969K, capacity 11833K, committed 11904K, reserved 1048576K
Event: 3949.499 GC heap after
Heap after GC invocations=21 (full 3):
 PSYoungGen      total 133120K, used 29832K [0x00000000f5580000, 0x0000000100000000, 0x0000000100000000)
  eden space 101888K, 0% used [0x00000000f5580000,0x00000000f5580000,0x00000000fb900000)
  from space 31232K, 95% used [0x00000000fe180000,0x00000000ffea2218,0x0000000100000000)
  to   space 36352K, 0% used [0x00000000fb900000,0x00000000fb900000,0x00000000fdc80000)
 ParOldGen       total 230912K, used 47122K [0x00000000e0000000, 0x00000000ee180000, 0x00000000f5580000)
  object space 230912K, 20% used [0x00000000e0000000,0x00000000e2e04af0,0x00000000ee180000)
 Metaspace       used 81248K, capacity 86010K, committed 86144K, reserved 1124352K
  class space    used 10969K, capacity 11833K, committed 11904K, reserved 1048576K
}

